%!Adobe-FontList 1.14
%Locale:0x409

%BeginFont
Handler:DirectoryHandler
FontType:Type1
FontName:Lobster1.4
FamilyName:Lobster 1.4
StyleName:Regular
MenuName:Lobster 1.4
StyleBits:0
WeightClass:400
WidthClass:5
AngleClass:0
FullName:Lobster 1.4
WritingScript:Roman
OutlineFileName:\Lobster 1.4.otf
DataFormat:sfntData
UsesStandardEncoding:yes
isCFF:yes
FileLength:37632
FileModTime:1278108550
%EndFont

%BeginFont
Handler:DirectoryHandler
FontType:Type1
FontName:MyriadPro-SemiCn
FamilyName:Myriad Pro
StyleName:SemiCondensed
MenuName:Myriad Pro SemiCond
StyleBits:0
WeightClass:400
WidthClass:4
AngleClass:0
FullName:Myriad Pro SemiCondensed
WritingScript:Roman
OutlineFileName:\MyriadPro-SemiCn.otf
DataFormat:sfntData
UsesStandardEncoding:yes
isCFF:yes
FileLength:97140
FileModTime:1347288573
DesignSize:110
%EndFont

